mode: set
github.com/matt/gotmuxcc/internal/control/transport.go:44.63,45.16 1 1
github.com/matt/gotmuxcc/internal/control/transport.go:45.16,47.3 1 1
github.com/matt/gotmuxcc/internal/control/transport.go:49.2,52.15 3 1
github.com/matt/gotmuxcc/internal/control/transport.go:52.15,54.3 1 0
github.com/matt/gotmuxcc/internal/control/transport.go:56.2,57.26 2 1
github.com/matt/gotmuxcc/internal/control/transport.go:57.26,59.3 1 1
github.com/matt/gotmuxcc/internal/control/transport.go:60.2,63.22 3 1
github.com/matt/gotmuxcc/internal/control/transport.go:63.22,65.3 1 1
github.com/matt/gotmuxcc/internal/control/transport.go:67.2,68.16 2 1
github.com/matt/gotmuxcc/internal/control/transport.go:68.16,70.3 1 0
github.com/matt/gotmuxcc/internal/control/transport.go:72.2,73.16 2 1
github.com/matt/gotmuxcc/internal/control/transport.go:73.16,75.3 1 0
github.com/matt/gotmuxcc/internal/control/transport.go:77.2,78.16 2 1
github.com/matt/gotmuxcc/internal/control/transport.go:78.16,80.3 1 0
github.com/matt/gotmuxcc/internal/control/transport.go:82.2,82.36 1 1
github.com/matt/gotmuxcc/internal/control/transport.go:82.36,84.3 1 1
github.com/matt/gotmuxcc/internal/control/transport.go:85.2,98.12 5 1
github.com/matt/gotmuxcc/internal/control/transport.go:98.12,102.22 4 1
github.com/matt/gotmuxcc/internal/control/transport.go:102.22,105.11 3 1
github.com/matt/gotmuxcc/internal/control/transport.go:106.25,106.25 0 1
github.com/matt/gotmuxcc/internal/control/transport.go:107.22,109.11 2 0
github.com/matt/gotmuxcc/internal/control/transport.go:112.3,112.39 1 1
github.com/matt/gotmuxcc/internal/control/transport.go:112.39,115.4 2 0
github.com/matt/gotmuxcc/internal/control/transport.go:119.2,119.12 1 1
github.com/matt/gotmuxcc/internal/control/transport.go:119.12,122.21 3 1
github.com/matt/gotmuxcc/internal/control/transport.go:122.21,125.4 2 1
github.com/matt/gotmuxcc/internal/control/transport.go:129.2,129.12 1 1
github.com/matt/gotmuxcc/internal/control/transport.go:129.12,132.54 3 1
github.com/matt/gotmuxcc/internal/control/transport.go:132.54,136.4 3 1
github.com/matt/gotmuxcc/internal/control/transport.go:137.3,138.16 2 0
github.com/matt/gotmuxcc/internal/control/transport.go:141.2,141.15 1 1
github.com/matt/gotmuxcc/internal/control/transport.go:145.45,146.14 1 1
github.com/matt/gotmuxcc/internal/control/transport.go:146.14,148.3 1 1
github.com/matt/gotmuxcc/internal/control/transport.go:150.2,153.23 3 1
github.com/matt/gotmuxcc/internal/control/transport.go:153.23,155.3 1 1
github.com/matt/gotmuxcc/internal/control/transport.go:157.2,157.16 1 1
github.com/matt/gotmuxcc/internal/control/transport.go:157.16,159.3 1 1
github.com/matt/gotmuxcc/internal/control/transport.go:161.2,161.36 1 1
github.com/matt/gotmuxcc/internal/control/transport.go:161.36,163.3 1 1
github.com/matt/gotmuxcc/internal/control/transport.go:165.2,167.57 2 1
github.com/matt/gotmuxcc/internal/control/transport.go:167.57,169.3 1 1
github.com/matt/gotmuxcc/internal/control/transport.go:170.2,170.12 1 1
github.com/matt/gotmuxcc/internal/control/transport.go:174.43,175.14 1 1
github.com/matt/gotmuxcc/internal/control/transport.go:175.14,177.3 1 1
github.com/matt/gotmuxcc/internal/control/transport.go:178.2,178.16 1 1
github.com/matt/gotmuxcc/internal/control/transport.go:182.41,183.14 1 1
github.com/matt/gotmuxcc/internal/control/transport.go:183.14,185.3 1 1
github.com/matt/gotmuxcc/internal/control/transport.go:186.2,186.15 1 1
github.com/matt/gotmuxcc/internal/control/transport.go:190.35,191.14 1 1
github.com/matt/gotmuxcc/internal/control/transport.go:191.14,193.3 1 1
github.com/matt/gotmuxcc/internal/control/transport.go:195.2,197.24 2 1
github.com/matt/gotmuxcc/internal/control/transport.go:197.24,202.84 5 1
github.com/matt/gotmuxcc/internal/control/transport.go:202.84,205.4 2 0
github.com/matt/gotmuxcc/internal/control/transport.go:208.2,208.19 1 1
github.com/matt/gotmuxcc/internal/control/transport.go:211.39,215.16 3 1
github.com/matt/gotmuxcc/internal/control/transport.go:215.16,217.3 1 1
github.com/matt/gotmuxcc/internal/control/transport.go:218.2,219.53 2 1
github.com/matt/gotmuxcc/internal/control/transport.go:219.53,220.16 1 1
github.com/matt/gotmuxcc/internal/control/transport.go:220.16,222.4 1 1
github.com/matt/gotmuxcc/internal/control/transport.go:222.9,224.4 1 1
github.com/matt/gotmuxcc/internal/control/transport.go:226.2,229.111 4 1
github.com/matt/gotmuxcc/gotmuxcc/client.go:5.37,32.2 1 0
github.com/matt/gotmuxcc/gotmuxcc/client.go:34.48,64.2 2 1
github.com/matt/gotmuxcc/gotmuxcc/client.go:67.49,72.16 2 0
github.com/matt/gotmuxcc/gotmuxcc/client.go:72.16,74.3 1 0
github.com/matt/gotmuxcc/gotmuxcc/client.go:76.2,78.32 3 0
github.com/matt/gotmuxcc/gotmuxcc/client.go:78.32,80.3 1 0
github.com/matt/gotmuxcc/gotmuxcc/client.go:82.2,82.21 1 0
github.com/matt/gotmuxcc/gotmuxcc/client.go:86.60,88.16 2 0
github.com/matt/gotmuxcc/gotmuxcc/client.go:88.16,90.3 1 0
github.com/matt/gotmuxcc/gotmuxcc/client.go:91.2,91.33 1 0
github.com/matt/gotmuxcc/gotmuxcc/client.go:91.33,92.24 1 0
github.com/matt/gotmuxcc/gotmuxcc/client.go:92.24,94.4 1 0
github.com/matt/gotmuxcc/gotmuxcc/client.go:96.2,96.17 1 0
github.com/matt/gotmuxcc/gotmuxcc/client.go:100.49,102.2 1 0
github.com/matt/gotmuxcc/gotmuxcc/control_bridge.go:10.92,15.16 3 0
github.com/matt/gotmuxcc/gotmuxcc/control_bridge.go:15.16,17.3 1 0
github.com/matt/gotmuxcc/gotmuxcc/control_bridge.go:18.2,18.23 1 0
github.com/matt/gotmuxcc/gotmuxcc/helpers.go:8.41,9.16 1 1
github.com/matt/gotmuxcc/gotmuxcc/helpers.go:9.16,11.3 1 0
github.com/matt/gotmuxcc/gotmuxcc/helpers.go:12.2,12.33 1 1
github.com/matt/gotmuxcc/gotmuxcc/helpers.go:12.33,14.3 1 1
github.com/matt/gotmuxcc/gotmuxcc/helpers.go:15.2,15.33 1 1
github.com/matt/gotmuxcc/gotmuxcc/helpers.go:15.33,17.3 1 0
github.com/matt/gotmuxcc/gotmuxcc/helpers.go:18.2,18.13 1 1
github.com/matt/gotmuxcc/gotmuxcc/helpers.go:21.31,23.2 1 1
github.com/matt/gotmuxcc/gotmuxcc/helpers.go:25.39,26.17 1 1
github.com/matt/gotmuxcc/gotmuxcc/helpers.go:26.17,28.3 1 1
github.com/matt/gotmuxcc/gotmuxcc/helpers.go:29.2,29.34 1 1
github.com/matt/gotmuxcc/gotmuxcc/helpers.go:32.29,35.2 2 1
github.com/matt/gotmuxcc/gotmuxcc/helpers.go:37.33,39.2 1 1
github.com/matt/gotmuxcc/gotmuxcc/options.go:8.66,12.17 2 1
github.com/matt/gotmuxcc/gotmuxcc/options.go:12.17,14.3 1 0
github.com/matt/gotmuxcc/gotmuxcc/options.go:16.2,19.35 2 1
github.com/matt/gotmuxcc/gotmuxcc/options.go:19.35,21.3 1 0
github.com/matt/gotmuxcc/gotmuxcc/options.go:23.2,23.12 1 1
github.com/matt/gotmuxcc/gotmuxcc/options.go:26.67,29.17 2 1
github.com/matt/gotmuxcc/gotmuxcc/options.go:29.17,31.3 1 1
github.com/matt/gotmuxcc/gotmuxcc/options.go:32.2,36.16 3 1
github.com/matt/gotmuxcc/gotmuxcc/options.go:36.16,38.3 1 1
github.com/matt/gotmuxcc/gotmuxcc/options.go:40.2,41.33 2 1
github.com/matt/gotmuxcc/gotmuxcc/options.go:44.65,47.17 2 1
github.com/matt/gotmuxcc/gotmuxcc/options.go:47.17,49.3 1 0
github.com/matt/gotmuxcc/gotmuxcc/options.go:50.2,53.16 3 1
github.com/matt/gotmuxcc/gotmuxcc/options.go:53.16,55.3 1 0
github.com/matt/gotmuxcc/gotmuxcc/options.go:57.2,57.32 1 1
github.com/matt/gotmuxcc/gotmuxcc/options.go:60.62,63.17 2 1
github.com/matt/gotmuxcc/gotmuxcc/options.go:63.17,65.3 1 1
github.com/matt/gotmuxcc/gotmuxcc/options.go:66.2,69.35 2 1
github.com/matt/gotmuxcc/gotmuxcc/options.go:69.35,71.3 1 1
github.com/matt/gotmuxcc/gotmuxcc/options.go:72.2,72.12 1 1
github.com/matt/gotmuxcc/gotmuxcc/options.go:75.57,77.16 2 1
github.com/matt/gotmuxcc/gotmuxcc/options.go:77.16,79.3 1 0
github.com/matt/gotmuxcc/gotmuxcc/options.go:80.2,81.16 2 1
github.com/matt/gotmuxcc/gotmuxcc/options.go:81.16,83.3 1 1
github.com/matt/gotmuxcc/gotmuxcc/options.go:84.2,84.46 1 1
github.com/matt/gotmuxcc/gotmuxcc/options.go:87.43,89.2 1 1
github.com/matt/gotmuxcc/gotmuxcc/options.go:91.45,94.29 3 1
github.com/matt/gotmuxcc/gotmuxcc/options.go:94.29,96.17 2 1
github.com/matt/gotmuxcc/gotmuxcc/options.go:96.17,97.12 1 0
github.com/matt/gotmuxcc/gotmuxcc/options.go:99.3,100.22 2 1
github.com/matt/gotmuxcc/gotmuxcc/options.go:100.22,101.12 1 0
github.com/matt/gotmuxcc/gotmuxcc/options.go:103.3,103.59 1 1
github.com/matt/gotmuxcc/gotmuxcc/options.go:105.2,105.16 1 1
github.com/matt/gotmuxcc/gotmuxcc/options.go:108.51,109.21 1 1
github.com/matt/gotmuxcc/gotmuxcc/options.go:109.21,111.3 1 0
github.com/matt/gotmuxcc/gotmuxcc/options.go:112.2,113.29 2 1
github.com/matt/gotmuxcc/gotmuxcc/options.go:113.29,115.3 1 1
github.com/matt/gotmuxcc/gotmuxcc/options.go:116.2,116.40 1 1
github.com/matt/gotmuxcc/gotmuxcc/options.go:119.39,120.15 1 1
github.com/matt/gotmuxcc/gotmuxcc/options.go:120.15,122.3 1 0
github.com/matt/gotmuxcc/gotmuxcc/options.go:123.2,123.44 1 1
github.com/matt/gotmuxcc/gotmuxcc/options.go:123.44,126.3 2 1
github.com/matt/gotmuxcc/gotmuxcc/options.go:127.2,127.12 1 1
github.com/matt/gotmuxcc/gotmuxcc/pane.go:5.35,49.2 1 1
github.com/matt/gotmuxcc/gotmuxcc/pane.go:52.79,54.18 2 1
github.com/matt/gotmuxcc/gotmuxcc/pane.go:54.18,56.3 1 1
github.com/matt/gotmuxcc/gotmuxcc/pane.go:57.2,59.15 2 1
github.com/matt/gotmuxcc/gotmuxcc/pane.go:59.15,60.23 1 1
github.com/matt/gotmuxcc/gotmuxcc/pane.go:60.23,62.4 1 1
github.com/matt/gotmuxcc/gotmuxcc/pane.go:63.3,63.26 1 1
github.com/matt/gotmuxcc/gotmuxcc/pane.go:63.26,65.4 1 0
github.com/matt/gotmuxcc/gotmuxcc/pane.go:66.3,66.24 1 1
github.com/matt/gotmuxcc/gotmuxcc/pane.go:66.24,68.4 1 0
github.com/matt/gotmuxcc/gotmuxcc/pane.go:69.3,69.26 1 1
github.com/matt/gotmuxcc/gotmuxcc/pane.go:69.26,71.4 1 0
github.com/matt/gotmuxcc/gotmuxcc/pane.go:72.3,72.25 1 1
github.com/matt/gotmuxcc/gotmuxcc/pane.go:72.25,74.4 1 0
github.com/matt/gotmuxcc/gotmuxcc/pane.go:77.2,78.16 2 1
github.com/matt/gotmuxcc/gotmuxcc/pane.go:78.16,80.3 1 0
github.com/matt/gotmuxcc/gotmuxcc/pane.go:82.2,82.26 1 1
github.com/matt/gotmuxcc/gotmuxcc/pane.go:85.44,130.2 1 1
github.com/matt/gotmuxcc/gotmuxcc/pane.go:133.48,139.16 2 0
github.com/matt/gotmuxcc/gotmuxcc/pane.go:139.16,141.3 1 0
github.com/matt/gotmuxcc/gotmuxcc/pane.go:143.2,145.33 3 0
github.com/matt/gotmuxcc/gotmuxcc/pane.go:145.33,147.3 1 0
github.com/matt/gotmuxcc/gotmuxcc/pane.go:148.2,148.19 1 0
github.com/matt/gotmuxcc/gotmuxcc/pane.go:152.57,154.16 2 0
github.com/matt/gotmuxcc/gotmuxcc/pane.go:154.16,156.3 1 0
github.com/matt/gotmuxcc/gotmuxcc/pane.go:157.2,157.29 1 0
github.com/matt/gotmuxcc/gotmuxcc/pane.go:157.29,158.24 1 0
github.com/matt/gotmuxcc/gotmuxcc/pane.go:158.24,160.4 1 0
github.com/matt/gotmuxcc/gotmuxcc/pane.go:162.2,162.17 1 0
github.com/matt/gotmuxcc/gotmuxcc/pane.go:166.44,172.16 2 1
github.com/matt/gotmuxcc/gotmuxcc/pane.go:172.16,174.3 1 0
github.com/matt/gotmuxcc/gotmuxcc/pane.go:175.2,175.12 1 1
github.com/matt/gotmuxcc/gotmuxcc/pane.go:179.29,184.16 2 1
github.com/matt/gotmuxcc/gotmuxcc/pane.go:184.16,186.3 1 0
github.com/matt/gotmuxcc/gotmuxcc/pane.go:187.2,187.12 1 1
github.com/matt/gotmuxcc/gotmuxcc/pane.go:191.56,196.42 2 1
github.com/matt/gotmuxcc/gotmuxcc/pane.go:196.42,198.3 1 0
github.com/matt/gotmuxcc/gotmuxcc/pane.go:200.2,200.35 1 1
github.com/matt/gotmuxcc/gotmuxcc/pane.go:200.35,202.3 1 0
github.com/matt/gotmuxcc/gotmuxcc/pane.go:203.2,203.12 1 1
github.com/matt/gotmuxcc/gotmuxcc/pane.go:207.31,209.2 1 0
github.com/matt/gotmuxcc/gotmuxcc/pane.go:212.58,217.15 2 1
github.com/matt/gotmuxcc/gotmuxcc/pane.go:217.15,218.30 1 0
github.com/matt/gotmuxcc/gotmuxcc/pane.go:218.30,220.4 1 0
github.com/matt/gotmuxcc/gotmuxcc/pane.go:221.3,221.30 1 0
github.com/matt/gotmuxcc/gotmuxcc/pane.go:221.30,223.4 1 0
github.com/matt/gotmuxcc/gotmuxcc/pane.go:224.3,224.28 1 0
github.com/matt/gotmuxcc/gotmuxcc/pane.go:224.28,226.4 1 0
github.com/matt/gotmuxcc/gotmuxcc/pane.go:229.2,229.35 1 1
github.com/matt/gotmuxcc/gotmuxcc/pane.go:229.35,231.3 1 0
github.com/matt/gotmuxcc/gotmuxcc/pane.go:232.2,232.12 1 1
github.com/matt/gotmuxcc/gotmuxcc/pane.go:236.30,238.2 1 0
github.com/matt/gotmuxcc/gotmuxcc/pane.go:241.56,246.15 2 1
github.com/matt/gotmuxcc/gotmuxcc/pane.go:246.15,247.27 1 0
github.com/matt/gotmuxcc/gotmuxcc/pane.go:247.27,249.4 1 0
github.com/matt/gotmuxcc/gotmuxcc/pane.go:250.3,250.26 1 0
github.com/matt/gotmuxcc/gotmuxcc/pane.go:250.26,252.4 1 0
github.com/matt/gotmuxcc/gotmuxcc/pane.go:255.2,255.35 1 1
github.com/matt/gotmuxcc/gotmuxcc/pane.go:255.35,257.3 1 0
github.com/matt/gotmuxcc/gotmuxcc/pane.go:258.2,258.12 1 1
github.com/matt/gotmuxcc/gotmuxcc/pane.go:262.64,264.2 1 0
github.com/matt/gotmuxcc/gotmuxcc/pane.go:267.42,269.2 1 1
github.com/matt/gotmuxcc/gotmuxcc/pane.go:272.51,274.2 1 0
github.com/matt/gotmuxcc/gotmuxcc/pane.go:277.52,279.2 1 0
github.com/matt/gotmuxcc/gotmuxcc/pane.go:282.45,284.2 1 0
github.com/matt/gotmuxcc/gotmuxcc/pane.go:287.47,289.2 1 0
github.com/matt/gotmuxcc/gotmuxcc/query.go:19.31,26.2 1 1
github.com/matt/gotmuxcc/gotmuxcc/query.go:28.45,31.2 2 1
github.com/matt/gotmuxcc/gotmuxcc/query.go:33.46,36.2 2 1
github.com/matt/gotmuxcc/gotmuxcc/query.go:38.46,41.2 2 1
github.com/matt/gotmuxcc/gotmuxcc/query.go:43.42,46.2 2 1
github.com/matt/gotmuxcc/gotmuxcc/query.go:48.41,49.19 1 1
github.com/matt/gotmuxcc/gotmuxcc/query.go:49.19,51.3 1 1
github.com/matt/gotmuxcc/gotmuxcc/query.go:52.2,52.25 1 1
github.com/matt/gotmuxcc/gotmuxcc/query.go:52.25,54.3 1 1
github.com/matt/gotmuxcc/gotmuxcc/query.go:56.2,60.26 4 1
github.com/matt/gotmuxcc/gotmuxcc/query.go:60.26,62.42 2 1
github.com/matt/gotmuxcc/gotmuxcc/query.go:62.42,64.4 1 1
github.com/matt/gotmuxcc/gotmuxcc/query.go:65.3,67.40 3 1
github.com/matt/gotmuxcc/gotmuxcc/query.go:67.40,69.4 1 0
github.com/matt/gotmuxcc/gotmuxcc/query.go:69.9,71.4 1 1
github.com/matt/gotmuxcc/gotmuxcc/query.go:74.2,76.38 2 1
github.com/matt/gotmuxcc/gotmuxcc/query.go:79.45,81.16 2 1
github.com/matt/gotmuxcc/gotmuxcc/query.go:81.16,83.3 1 0
github.com/matt/gotmuxcc/gotmuxcc/query.go:85.2,86.16 2 1
github.com/matt/gotmuxcc/gotmuxcc/query.go:86.16,88.3 1 1
github.com/matt/gotmuxcc/gotmuxcc/query.go:90.2,93.8 1 1
github.com/matt/gotmuxcc/gotmuxcc/query.go:101.47,103.27 2 1
github.com/matt/gotmuxcc/gotmuxcc/query.go:103.27,105.3 1 0
github.com/matt/gotmuxcc/gotmuxcc/query.go:107.2,107.38 1 1
github.com/matt/gotmuxcc/gotmuxcc/query.go:107.38,108.17 1 1
github.com/matt/gotmuxcc/gotmuxcc/query.go:108.17,109.12 1 0
github.com/matt/gotmuxcc/gotmuxcc/query.go:112.3,114.38 3 1
github.com/matt/gotmuxcc/gotmuxcc/query.go:114.38,115.12 1 1
github.com/matt/gotmuxcc/gotmuxcc/query.go:118.3,119.42 2 1
github.com/matt/gotmuxcc/gotmuxcc/query.go:119.42,121.4 1 1
github.com/matt/gotmuxcc/gotmuxcc/query.go:122.3,122.35 1 1
github.com/matt/gotmuxcc/gotmuxcc/query.go:125.2,125.16 1 1
github.com/matt/gotmuxcc/gotmuxcc/query.go:128.41,130.25 2 1
github.com/matt/gotmuxcc/gotmuxcc/query.go:130.25,132.3 1 1
github.com/matt/gotmuxcc/gotmuxcc/query.go:133.2,133.21 1 1
github.com/matt/gotmuxcc/gotmuxcc/query.go:136.36,138.2 1 1
github.com/matt/gotmuxcc/gotmuxcc/query.go:142.45,144.2 1 1
github.com/matt/gotmuxcc/gotmuxcc/router.go:41.56,46.2 1 1
github.com/matt/gotmuxcc/gotmuxcc/router.go:48.55,50.2 1 1
github.com/matt/gotmuxcc/gotmuxcc/router.go:52.43,54.2 1 1
github.com/matt/gotmuxcc/gotmuxcc/router.go:56.57,59.2 2 1
github.com/matt/gotmuxcc/gotmuxcc/router.go:83.39,85.2 1 1
github.com/matt/gotmuxcc/gotmuxcc/router.go:101.44,114.2 5 1
github.com/matt/gotmuxcc/gotmuxcc/router.go:116.32,117.24 1 1
github.com/matt/gotmuxcc/gotmuxcc/router.go:117.24,121.3 3 0
github.com/matt/gotmuxcc/gotmuxcc/router.go:122.2,123.17 2 1
github.com/matt/gotmuxcc/gotmuxcc/router.go:123.17,127.3 3 0
github.com/matt/gotmuxcc/gotmuxcc/router.go:128.2,131.16 4 1
github.com/matt/gotmuxcc/gotmuxcc/router.go:131.16,133.3 1 1
github.com/matt/gotmuxcc/gotmuxcc/router.go:134.2,134.16 1 1
github.com/matt/gotmuxcc/gotmuxcc/router.go:137.29,139.24 2 1
github.com/matt/gotmuxcc/gotmuxcc/router.go:139.24,142.3 2 0
github.com/matt/gotmuxcc/gotmuxcc/router.go:143.2,144.18 2 1
github.com/matt/gotmuxcc/gotmuxcc/router.go:144.18,148.3 3 0
github.com/matt/gotmuxcc/gotmuxcc/router.go:149.2,149.26 1 1
github.com/matt/gotmuxcc/gotmuxcc/router.go:149.26,153.3 3 1
github.com/matt/gotmuxcc/gotmuxcc/router.go:154.2,156.31 2 1
github.com/matt/gotmuxcc/gotmuxcc/router.go:159.42,160.16 1 1
github.com/matt/gotmuxcc/gotmuxcc/router.go:160.16,163.3 2 0
github.com/matt/gotmuxcc/gotmuxcc/router.go:165.2,165.9 1 1
github.com/matt/gotmuxcc/gotmuxcc/router.go:166.41,167.22 1 1
github.com/matt/gotmuxcc/gotmuxcc/router.go:168.39,169.20 1 1
github.com/matt/gotmuxcc/gotmuxcc/router.go:170.41,171.22 1 1
github.com/matt/gotmuxcc/gotmuxcc/router.go:172.36,173.32 1 1
github.com/matt/gotmuxcc/gotmuxcc/router.go:174.10,175.23 1 1
github.com/matt/gotmuxcc/gotmuxcc/router.go:179.43,181.16 2 1
github.com/matt/gotmuxcc/gotmuxcc/router.go:181.16,184.3 2 0
github.com/matt/gotmuxcc/gotmuxcc/router.go:186.2,191.18 4 1
github.com/matt/gotmuxcc/gotmuxcc/router.go:191.18,193.3 1 0
github.com/matt/gotmuxcc/gotmuxcc/router.go:195.2,195.25 1 1
github.com/matt/gotmuxcc/gotmuxcc/router.go:195.25,198.3 2 0
github.com/matt/gotmuxcc/gotmuxcc/router.go:200.2,210.35 5 1
github.com/matt/gotmuxcc/gotmuxcc/router.go:213.41,215.16 2 1
github.com/matt/gotmuxcc/gotmuxcc/router.go:215.16,218.3 2 0
github.com/matt/gotmuxcc/gotmuxcc/router.go:219.2,220.46 2 1
github.com/matt/gotmuxcc/gotmuxcc/router.go:223.43,225.16 2 1
github.com/matt/gotmuxcc/gotmuxcc/router.go:225.16,228.3 2 0
github.com/matt/gotmuxcc/gotmuxcc/router.go:229.2,229.16 1 1
github.com/matt/gotmuxcc/gotmuxcc/router.go:229.16,231.3 1 0
github.com/matt/gotmuxcc/gotmuxcc/router.go:232.2,233.59 2 1
github.com/matt/gotmuxcc/gotmuxcc/router.go:236.44,240.18 3 1
github.com/matt/gotmuxcc/gotmuxcc/router.go:240.18,242.3 1 0
github.com/matt/gotmuxcc/gotmuxcc/router.go:244.2,244.23 1 1
github.com/matt/gotmuxcc/gotmuxcc/router.go:244.23,253.3 3 1
github.com/matt/gotmuxcc/gotmuxcc/router.go:255.2,257.18 3 1
github.com/matt/gotmuxcc/gotmuxcc/router.go:257.18,266.3 3 1
github.com/matt/gotmuxcc/gotmuxcc/router.go:268.2,269.123 2 1
github.com/matt/gotmuxcc/gotmuxcc/router.go:272.77,276.18 3 1
github.com/matt/gotmuxcc/gotmuxcc/router.go:276.18,279.3 2 0
github.com/matt/gotmuxcc/gotmuxcc/router.go:281.2,282.18 2 1
github.com/matt/gotmuxcc/gotmuxcc/router.go:282.18,285.3 2 1
github.com/matt/gotmuxcc/gotmuxcc/router.go:286.2,289.18 3 1
github.com/matt/gotmuxcc/gotmuxcc/router.go:289.18,290.20 1 1
github.com/matt/gotmuxcc/gotmuxcc/router.go:290.20,292.4 1 0
github.com/matt/gotmuxcc/gotmuxcc/router.go:292.9,294.4 1 1
github.com/matt/gotmuxcc/gotmuxcc/router.go:295.3,296.9 2 1
github.com/matt/gotmuxcc/gotmuxcc/router.go:299.2,307.19 2 1
github.com/matt/gotmuxcc/gotmuxcc/router.go:307.19,315.3 3 1
github.com/matt/gotmuxcc/gotmuxcc/router.go:317.2,318.113 2 1
github.com/matt/gotmuxcc/gotmuxcc/router.go:321.49,322.23 1 1
github.com/matt/gotmuxcc/gotmuxcc/router.go:322.23,324.3 1 0
github.com/matt/gotmuxcc/gotmuxcc/router.go:326.2,326.39 1 1
github.com/matt/gotmuxcc/gotmuxcc/router.go:326.39,329.3 2 1
github.com/matt/gotmuxcc/gotmuxcc/router.go:331.2,331.30 1 1
github.com/matt/gotmuxcc/gotmuxcc/router.go:331.30,332.18 1 1
github.com/matt/gotmuxcc/gotmuxcc/router.go:332.18,336.4 3 1
github.com/matt/gotmuxcc/gotmuxcc/router.go:340.39,341.9 1 1
github.com/matt/gotmuxcc/gotmuxcc/router.go:342.23,343.89 1 1
github.com/matt/gotmuxcc/gotmuxcc/router.go:344.10,345.64 1 0
github.com/matt/gotmuxcc/gotmuxcc/router.go:350.37,352.18 2 1
github.com/matt/gotmuxcc/gotmuxcc/router.go:352.18,356.3 3 1
github.com/matt/gotmuxcc/gotmuxcc/router.go:357.2,357.16 1 1
github.com/matt/gotmuxcc/gotmuxcc/router.go:357.16,359.3 1 0
github.com/matt/gotmuxcc/gotmuxcc/router.go:360.2,372.30 9 1
github.com/matt/gotmuxcc/gotmuxcc/router.go:372.30,374.3 1 0
github.com/matt/gotmuxcc/gotmuxcc/router.go:375.2,375.33 1 1
github.com/matt/gotmuxcc/gotmuxcc/router.go:375.33,377.3 1 0
github.com/matt/gotmuxcc/gotmuxcc/router.go:379.2,379.25 1 1
github.com/matt/gotmuxcc/gotmuxcc/router.go:379.25,382.3 2 1
github.com/matt/gotmuxcc/gotmuxcc/router.go:385.53,387.18 2 1
github.com/matt/gotmuxcc/gotmuxcc/router.go:387.18,392.3 4 0
github.com/matt/gotmuxcc/gotmuxcc/router.go:393.2,397.54 4 1
github.com/matt/gotmuxcc/gotmuxcc/router.go:397.54,399.39 2 1
github.com/matt/gotmuxcc/gotmuxcc/router.go:399.39,400.22 1 1
github.com/matt/gotmuxcc/gotmuxcc/router.go:400.22,402.10 2 1
github.com/matt/gotmuxcc/gotmuxcc/router.go:405.3,407.13 3 1
github.com/matt/gotmuxcc/gotmuxcc/router.go:410.2,410.12 1 1
github.com/matt/gotmuxcc/gotmuxcc/router.go:413.64,414.45 1 1
github.com/matt/gotmuxcc/gotmuxcc/router.go:414.45,416.3 1 0
github.com/matt/gotmuxcc/gotmuxcc/router.go:418.2,421.39 3 1
github.com/matt/gotmuxcc/gotmuxcc/router.go:421.39,423.3 1 1
github.com/matt/gotmuxcc/gotmuxcc/router.go:425.2,425.19 1 1
github.com/matt/gotmuxcc/gotmuxcc/router.go:428.47,430.2 1 1
github.com/matt/gotmuxcc/gotmuxcc/router.go:432.32,434.24 2 1
github.com/matt/gotmuxcc/gotmuxcc/router.go:434.24,436.3 1 1
github.com/matt/gotmuxcc/gotmuxcc/router.go:437.2,437.12 1 0
github.com/matt/gotmuxcc/gotmuxcc/router.go:440.87,441.38 1 1
github.com/matt/gotmuxcc/gotmuxcc/router.go:441.38,443.3 1 0
github.com/matt/gotmuxcc/gotmuxcc/router.go:445.2,447.20 3 1
github.com/matt/gotmuxcc/gotmuxcc/router.go:447.20,449.3 1 0
github.com/matt/gotmuxcc/gotmuxcc/router.go:451.2,454.21 4 1
github.com/matt/gotmuxcc/gotmuxcc/router.go:454.21,456.3 1 1
github.com/matt/gotmuxcc/gotmuxcc/router.go:458.2,458.42 1 1
github.com/matt/gotmuxcc/gotmuxcc/router.go:461.36,463.33 2 1
github.com/matt/gotmuxcc/gotmuxcc/router.go:463.33,465.3 1 1
github.com/matt/gotmuxcc/gotmuxcc/router.go:467.2,469.50 3 1
github.com/matt/gotmuxcc/gotmuxcc/router.go:469.50,472.3 2 1
github.com/matt/gotmuxcc/gotmuxcc/router.go:474.2,475.16 2 1
github.com/matt/gotmuxcc/gotmuxcc/router.go:475.16,477.3 1 1
github.com/matt/gotmuxcc/gotmuxcc/router.go:479.2,484.3 1 1
github.com/matt/gotmuxcc/gotmuxcc/router.go:487.67,494.2 1 1
github.com/matt/gotmuxcc/gotmuxcc/server.go:7.37,16.2 1 0
github.com/matt/gotmuxcc/gotmuxcc/server.go:18.48,36.2 8 1
github.com/matt/gotmuxcc/gotmuxcc/server.go:39.56,44.16 2 0
github.com/matt/gotmuxcc/gotmuxcc/server.go:44.16,46.3 1 0
github.com/matt/gotmuxcc/gotmuxcc/server.go:48.2,49.20 2 0
github.com/matt/gotmuxcc/gotmuxcc/session.go:8.38,32.2 1 1
github.com/matt/gotmuxcc/gotmuxcc/session.go:34.50,60.2 2 1
github.com/matt/gotmuxcc/gotmuxcc/session.go:63.51,68.16 2 1
github.com/matt/gotmuxcc/gotmuxcc/session.go:68.16,70.3 1 0
github.com/matt/gotmuxcc/gotmuxcc/session.go:72.2,74.31 3 1
github.com/matt/gotmuxcc/gotmuxcc/session.go:74.31,76.3 1 0
github.com/matt/gotmuxcc/gotmuxcc/session.go:78.2,78.22 1 1
github.com/matt/gotmuxcc/gotmuxcc/session.go:82.45,88.2 2 0
github.com/matt/gotmuxcc/gotmuxcc/session.go:91.64,93.16 2 1
github.com/matt/gotmuxcc/gotmuxcc/session.go:93.16,95.3 1 0
github.com/matt/gotmuxcc/gotmuxcc/session.go:97.2,97.35 1 1
github.com/matt/gotmuxcc/gotmuxcc/session.go:97.35,98.27 1 0
github.com/matt/gotmuxcc/gotmuxcc/session.go:98.27,100.4 1 0
github.com/matt/gotmuxcc/gotmuxcc/session.go:103.2,103.17 1 1
github.com/matt/gotmuxcc/gotmuxcc/session.go:107.55,109.2 1 0
github.com/matt/gotmuxcc/gotmuxcc/session.go:114.65,120.15 2 1
github.com/matt/gotmuxcc/gotmuxcc/session.go:120.15,121.20 1 1
github.com/matt/gotmuxcc/gotmuxcc/session.go:121.20,122.34 1 1
github.com/matt/gotmuxcc/gotmuxcc/session.go:122.34,124.5 1 0
github.com/matt/gotmuxcc/gotmuxcc/session.go:125.4,125.26 1 1
github.com/matt/gotmuxcc/gotmuxcc/session.go:127.3,127.30 1 1
github.com/matt/gotmuxcc/gotmuxcc/session.go:127.30,129.4 1 0
github.com/matt/gotmuxcc/gotmuxcc/session.go:130.3,130.20 1 1
github.com/matt/gotmuxcc/gotmuxcc/session.go:130.20,132.4 1 0
github.com/matt/gotmuxcc/gotmuxcc/session.go:133.3,133.21 1 1
github.com/matt/gotmuxcc/gotmuxcc/session.go:133.21,135.4 1 0
github.com/matt/gotmuxcc/gotmuxcc/session.go:136.3,136.28 1 1
github.com/matt/gotmuxcc/gotmuxcc/session.go:136.28,138.4 1 0
github.com/matt/gotmuxcc/gotmuxcc/session.go:141.2,142.16 2 1
github.com/matt/gotmuxcc/gotmuxcc/session.go:142.16,144.3 1 0
github.com/matt/gotmuxcc/gotmuxcc/session.go:146.2,147.21 2 1
github.com/matt/gotmuxcc/gotmuxcc/session.go:151.40,153.2 1 0
github.com/matt/gotmuxcc/gotmuxcc/session.go:158.60,162.15 2 1
github.com/matt/gotmuxcc/gotmuxcc/session.go:162.15,163.28 1 1
github.com/matt/gotmuxcc/gotmuxcc/session.go:163.28,165.4 1 0
github.com/matt/gotmuxcc/gotmuxcc/session.go:165.9,165.36 1 1
github.com/matt/gotmuxcc/gotmuxcc/session.go:165.36,167.4 1 1
github.com/matt/gotmuxcc/gotmuxcc/session.go:170.2,170.35 1 1
github.com/matt/gotmuxcc/gotmuxcc/session.go:170.35,172.3 1 0
github.com/matt/gotmuxcc/gotmuxcc/session.go:174.2,174.12 1 1
github.com/matt/gotmuxcc/gotmuxcc/session.go:180.60,184.15 2 1
github.com/matt/gotmuxcc/gotmuxcc/session.go:184.15,185.28 1 1
github.com/matt/gotmuxcc/gotmuxcc/session.go:185.28,187.4 1 0
github.com/matt/gotmuxcc/gotmuxcc/session.go:188.3,188.29 1 1
github.com/matt/gotmuxcc/gotmuxcc/session.go:188.29,190.4 1 1
github.com/matt/gotmuxcc/gotmuxcc/session.go:193.2,193.35 1 1
github.com/matt/gotmuxcc/gotmuxcc/session.go:193.35,195.3 1 0
github.com/matt/gotmuxcc/gotmuxcc/session.go:197.2,197.12 1 1
github.com/matt/gotmuxcc/gotmuxcc/session.go:201.35,202.62 1 1
github.com/matt/gotmuxcc/gotmuxcc/session.go:202.62,204.3 1 0
github.com/matt/gotmuxcc/gotmuxcc/session.go:205.2,205.12 1 1
github.com/matt/gotmuxcc/gotmuxcc/session.go:209.52,211.16 2 0
github.com/matt/gotmuxcc/gotmuxcc/session.go:211.16,213.3 1 0
github.com/matt/gotmuxcc/gotmuxcc/session.go:215.2,216.33 2 0
github.com/matt/gotmuxcc/gotmuxcc/session.go:216.33,217.31 1 0
github.com/matt/gotmuxcc/gotmuxcc/session.go:217.31,219.4 1 0
github.com/matt/gotmuxcc/gotmuxcc/session.go:222.2,222.22 1 0
github.com/matt/gotmuxcc/gotmuxcc/session.go:228.65,233.15 2 1
github.com/matt/gotmuxcc/gotmuxcc/session.go:233.15,234.23 1 0
github.com/matt/gotmuxcc/gotmuxcc/session.go:234.23,236.4 1 0
github.com/matt/gotmuxcc/gotmuxcc/session.go:237.3,237.26 1 0
github.com/matt/gotmuxcc/gotmuxcc/session.go:237.26,239.4 1 0
github.com/matt/gotmuxcc/gotmuxcc/session.go:242.2,242.35 1 1
github.com/matt/gotmuxcc/gotmuxcc/session.go:242.35,244.3 1 0
github.com/matt/gotmuxcc/gotmuxcc/session.go:245.2,245.12 1 1
github.com/matt/gotmuxcc/gotmuxcc/session.go:249.34,251.2 1 1
github.com/matt/gotmuxcc/gotmuxcc/session.go:254.34,259.16 2 1
github.com/matt/gotmuxcc/gotmuxcc/session.go:259.16,261.3 1 0
github.com/matt/gotmuxcc/gotmuxcc/session.go:262.2,262.12 1 1
github.com/matt/gotmuxcc/gotmuxcc/session.go:266.32,271.16 2 1
github.com/matt/gotmuxcc/gotmuxcc/session.go:271.16,273.3 1 0
github.com/matt/gotmuxcc/gotmuxcc/session.go:274.2,274.12 1 1
github.com/matt/gotmuxcc/gotmuxcc/session.go:278.45,284.16 2 1
github.com/matt/gotmuxcc/gotmuxcc/session.go:284.16,286.3 1 0
github.com/matt/gotmuxcc/gotmuxcc/session.go:287.2,287.12 1 1
github.com/matt/gotmuxcc/gotmuxcc/session.go:291.54,293.2 1 0
github.com/matt/gotmuxcc/gotmuxcc/session.go:296.55,298.2 1 0
github.com/matt/gotmuxcc/gotmuxcc/session.go:301.48,303.2 1 0
github.com/matt/gotmuxcc/gotmuxcc/session.go:306.50,308.2 1 0
github.com/matt/gotmuxcc/gotmuxcc/socket.go:11.57,15.2 3 0
github.com/matt/gotmuxcc/gotmuxcc/socket.go:17.46,18.16 1 1
github.com/matt/gotmuxcc/gotmuxcc/socket.go:18.16,20.3 1 1
github.com/matt/gotmuxcc/gotmuxcc/socket.go:21.2,21.45 1 1
github.com/matt/gotmuxcc/gotmuxcc/socket.go:21.45,23.3 1 1
github.com/matt/gotmuxcc/gotmuxcc/socket.go:24.2,24.33 1 1
github.com/matt/gotmuxcc/gotmuxcc/socket.go:27.40,28.51 1 1
github.com/matt/gotmuxcc/gotmuxcc/socket.go:28.51,29.39 1 1
github.com/matt/gotmuxcc/gotmuxcc/socket.go:29.39,31.4 1 0
github.com/matt/gotmuxcc/gotmuxcc/socket.go:32.3,33.74 2 1
github.com/matt/gotmuxcc/gotmuxcc/socket.go:33.74,35.4 1 0
github.com/matt/gotmuxcc/gotmuxcc/socket.go:36.3,36.16 1 1
github.com/matt/gotmuxcc/gotmuxcc/socket.go:36.16,38.4 1 1
github.com/matt/gotmuxcc/gotmuxcc/socket.go:39.3,39.61 1 1
github.com/matt/gotmuxcc/gotmuxcc/socket.go:41.2,41.12 1 1
github.com/matt/gotmuxcc/gotmuxcc/tmux.go:36.92,38.2 1 1
github.com/matt/gotmuxcc/gotmuxcc/tmux.go:41.57,42.38 1 1
github.com/matt/gotmuxcc/gotmuxcc/tmux.go:42.38,43.17 1 1
github.com/matt/gotmuxcc/gotmuxcc/tmux.go:43.17,45.4 1 1
github.com/matt/gotmuxcc/gotmuxcc/tmux.go:50.45,51.38 1 1
github.com/matt/gotmuxcc/gotmuxcc/tmux.go:51.38,52.15 1 1
github.com/matt/gotmuxcc/gotmuxcc/tmux.go:52.15,54.4 1 1
github.com/matt/gotmuxcc/gotmuxcc/tmux.go:60.48,62.2 1 0
github.com/matt/gotmuxcc/gotmuxcc/tmux.go:65.35,67.2 1 0
github.com/matt/gotmuxcc/gotmuxcc/tmux.go:70.86,75.27 2 1
github.com/matt/gotmuxcc/gotmuxcc/tmux.go:75.27,77.3 1 1
github.com/matt/gotmuxcc/gotmuxcc/tmux.go:78.2,78.23 1 1
github.com/matt/gotmuxcc/gotmuxcc/tmux.go:78.23,80.3 1 0
github.com/matt/gotmuxcc/gotmuxcc/tmux.go:81.2,82.16 2 1
github.com/matt/gotmuxcc/gotmuxcc/tmux.go:82.16,84.3 1 1
github.com/matt/gotmuxcc/gotmuxcc/tmux.go:85.2,88.22 2 1
github.com/matt/gotmuxcc/gotmuxcc/tmux.go:88.22,90.21 2 0
github.com/matt/gotmuxcc/gotmuxcc/tmux.go:90.21,93.4 2 0
github.com/matt/gotmuxcc/gotmuxcc/tmux.go:94.3,94.20 1 0
github.com/matt/gotmuxcc/gotmuxcc/tmux.go:96.2,97.15 2 1
github.com/matt/gotmuxcc/gotmuxcc/tmux.go:108.30,109.14 1 1
github.com/matt/gotmuxcc/gotmuxcc/tmux.go:109.14,111.3 1 0
github.com/matt/gotmuxcc/gotmuxcc/tmux.go:112.2,112.21 1 1
github.com/matt/gotmuxcc/gotmuxcc/tmux.go:112.21,118.3 5 1
github.com/matt/gotmuxcc/gotmuxcc/tmux.go:119.2,119.24 1 0
github.com/matt/gotmuxcc/gotmuxcc/tmux.go:119.24,124.3 4 0
github.com/matt/gotmuxcc/gotmuxcc/tmux.go:125.2,125.12 1 0
github.com/matt/gotmuxcc/gotmuxcc/tmux.go:129.38,130.33 1 0
github.com/matt/gotmuxcc/gotmuxcc/tmux.go:130.33,132.3 1 0
github.com/matt/gotmuxcc/gotmuxcc/tmux.go:133.2,133.33 1 0
github.com/matt/gotmuxcc/gotmuxcc/tmux.go:136.66,137.33 1 1
github.com/matt/gotmuxcc/gotmuxcc/tmux.go:137.33,139.3 1 0
github.com/matt/gotmuxcc/gotmuxcc/tmux.go:140.2,140.37 1 1
github.com/matt/gotmuxcc/gotmuxcc/tmux.go:143.31,145.2 1 1
github.com/matt/gotmuxcc/gotmuxcc/tmux.go:150.95,152.2 1 0
github.com/matt/gotmuxcc/gotmuxcc/window.go:7.37,44.2 1 1
github.com/matt/gotmuxcc/gotmuxcc/window.go:46.48,85.2 2 1
github.com/matt/gotmuxcc/gotmuxcc/window.go:88.47,94.16 2 1
github.com/matt/gotmuxcc/gotmuxcc/window.go:94.16,96.3 1 0
github.com/matt/gotmuxcc/gotmuxcc/window.go:98.2,99.42 2 1
github.com/matt/gotmuxcc/gotmuxcc/window.go:99.42,101.3 1 0
github.com/matt/gotmuxcc/gotmuxcc/window.go:102.2,102.19 1 1
github.com/matt/gotmuxcc/gotmuxcc/window.go:106.31,111.16 2 1
github.com/matt/gotmuxcc/gotmuxcc/window.go:111.16,113.3 1 0
github.com/matt/gotmuxcc/gotmuxcc/window.go:114.2,114.12 1 1
github.com/matt/gotmuxcc/gotmuxcc/window.go:118.47,124.16 2 1
github.com/matt/gotmuxcc/gotmuxcc/window.go:124.16,126.3 1 0
github.com/matt/gotmuxcc/gotmuxcc/window.go:127.2,127.12 1 1
github.com/matt/gotmuxcc/gotmuxcc/window.go:131.33,136.16 2 1
github.com/matt/gotmuxcc/gotmuxcc/window.go:136.16,138.3 1 0
github.com/matt/gotmuxcc/gotmuxcc/window.go:139.2,139.12 1 1
github.com/matt/gotmuxcc/gotmuxcc/window.go:143.58,149.16 2 1
github.com/matt/gotmuxcc/gotmuxcc/window.go:149.16,151.3 1 0
github.com/matt/gotmuxcc/gotmuxcc/window.go:152.2,152.12 1 1
github.com/matt/gotmuxcc/gotmuxcc/window.go:156.66,162.16 2 1
github.com/matt/gotmuxcc/gotmuxcc/window.go:162.16,164.3 1 0
github.com/matt/gotmuxcc/gotmuxcc/window.go:165.2,165.12 1 1
github.com/matt/gotmuxcc/gotmuxcc/window.go:169.59,171.44 2 0
github.com/matt/gotmuxcc/gotmuxcc/window.go:171.44,173.17 2 0
github.com/matt/gotmuxcc/gotmuxcc/window.go:173.17,175.4 1 0
github.com/matt/gotmuxcc/gotmuxcc/window.go:176.3,176.39 1 0
github.com/matt/gotmuxcc/gotmuxcc/window.go:178.2,178.22 1 0
github.com/matt/gotmuxcc/gotmuxcc/window.go:182.59,184.44 2 0
github.com/matt/gotmuxcc/gotmuxcc/window.go:184.44,186.17 2 0
github.com/matt/gotmuxcc/gotmuxcc/window.go:186.17,188.4 1 0
github.com/matt/gotmuxcc/gotmuxcc/window.go:189.3,189.39 1 0
github.com/matt/gotmuxcc/gotmuxcc/window.go:191.2,191.22 1 0
github.com/matt/gotmuxcc/gotmuxcc/window.go:195.57,197.42 2 0
github.com/matt/gotmuxcc/gotmuxcc/window.go:197.42,199.17 2 0
github.com/matt/gotmuxcc/gotmuxcc/window.go:199.17,201.4 1 0
github.com/matt/gotmuxcc/gotmuxcc/window.go:202.3,202.36 1 0
github.com/matt/gotmuxcc/gotmuxcc/window.go:204.2,204.21 1 0
github.com/matt/gotmuxcc/gotmuxcc/window.go:208.52,214.16 2 1
github.com/matt/gotmuxcc/gotmuxcc/window.go:214.16,216.3 1 0
github.com/matt/gotmuxcc/gotmuxcc/window.go:218.2,220.33 3 1
github.com/matt/gotmuxcc/gotmuxcc/window.go:220.33,222.3 1 0
github.com/matt/gotmuxcc/gotmuxcc/window.go:223.2,223.21 1 1
github.com/matt/gotmuxcc/gotmuxcc/window.go:227.48,233.16 2 1
github.com/matt/gotmuxcc/gotmuxcc/window.go:233.16,235.3 1 0
github.com/matt/gotmuxcc/gotmuxcc/window.go:237.2,239.32 3 1
github.com/matt/gotmuxcc/gotmuxcc/window.go:239.32,241.3 1 0
github.com/matt/gotmuxcc/gotmuxcc/window.go:243.2,243.19 1 1
github.com/matt/gotmuxcc/gotmuxcc/window.go:247.58,249.16 2 1
github.com/matt/gotmuxcc/gotmuxcc/window.go:249.16,251.3 1 0
github.com/matt/gotmuxcc/gotmuxcc/window.go:253.2,253.33 1 1
github.com/matt/gotmuxcc/gotmuxcc/window.go:253.33,254.22 1 0
github.com/matt/gotmuxcc/gotmuxcc/window.go:254.22,256.4 1 0
github.com/matt/gotmuxcc/gotmuxcc/window.go:259.2,259.17 1 1
github.com/matt/gotmuxcc/gotmuxcc/window.go:263.54,265.16 2 1
github.com/matt/gotmuxcc/gotmuxcc/window.go:265.16,267.3 1 0
github.com/matt/gotmuxcc/gotmuxcc/window.go:269.2,269.29 1 1
github.com/matt/gotmuxcc/gotmuxcc/window.go:269.29,270.20 1 0
github.com/matt/gotmuxcc/gotmuxcc/window.go:270.20,272.4 1 0
github.com/matt/gotmuxcc/gotmuxcc/window.go:275.2,275.17 1 1
github.com/matt/gotmuxcc/gotmuxcc/window.go:279.45,281.16 2 0
github.com/matt/gotmuxcc/gotmuxcc/window.go:281.16,283.3 1 0
github.com/matt/gotmuxcc/gotmuxcc/window.go:284.2,284.23 1 0
github.com/matt/gotmuxcc/gotmuxcc/window.go:284.23,286.3 1 0
github.com/matt/gotmuxcc/gotmuxcc/window.go:287.2,287.24 1 0
github.com/matt/gotmuxcc/gotmuxcc/window.go:291.52,297.16 2 1
github.com/matt/gotmuxcc/gotmuxcc/window.go:297.16,299.3 1 0
github.com/matt/gotmuxcc/gotmuxcc/window.go:301.2,303.33 3 1
github.com/matt/gotmuxcc/gotmuxcc/window.go:303.33,305.3 1 0
github.com/matt/gotmuxcc/gotmuxcc/window.go:306.2,306.21 1 1
github.com/matt/gotmuxcc/gotmuxcc/window.go:310.65,312.16 2 0
github.com/matt/gotmuxcc/gotmuxcc/window.go:312.16,314.3 1 0
github.com/matt/gotmuxcc/gotmuxcc/window.go:315.2,315.33 1 0
github.com/matt/gotmuxcc/gotmuxcc/window.go:315.33,316.26 1 0
github.com/matt/gotmuxcc/gotmuxcc/window.go:316.26,318.4 1 0
github.com/matt/gotmuxcc/gotmuxcc/window.go:320.2,320.17 1 0
github.com/matt/gotmuxcc/gotmuxcc/window.go:324.62,326.16 2 0
github.com/matt/gotmuxcc/gotmuxcc/window.go:326.16,328.3 1 0
github.com/matt/gotmuxcc/gotmuxcc/window.go:329.2,329.33 1 0
github.com/matt/gotmuxcc/gotmuxcc/window.go:329.33,330.26 1 0
github.com/matt/gotmuxcc/gotmuxcc/window.go:330.26,332.4 1 0
github.com/matt/gotmuxcc/gotmuxcc/window.go:334.2,334.17 1 0
github.com/matt/gotmuxcc/gotmuxcc/window.go:340.68,346.15 2 0
github.com/matt/gotmuxcc/gotmuxcc/window.go:346.15,347.30 1 0
github.com/matt/gotmuxcc/gotmuxcc/window.go:347.30,349.4 1 0
github.com/matt/gotmuxcc/gotmuxcc/window.go:350.3,350.26 1 0
github.com/matt/gotmuxcc/gotmuxcc/window.go:350.26,352.4 1 0
github.com/matt/gotmuxcc/gotmuxcc/window.go:353.3,353.21 1 0
github.com/matt/gotmuxcc/gotmuxcc/window.go:353.21,355.4 1 0
github.com/matt/gotmuxcc/gotmuxcc/window.go:358.2,359.16 2 0
github.com/matt/gotmuxcc/gotmuxcc/window.go:359.16,361.3 1 0
github.com/matt/gotmuxcc/gotmuxcc/window.go:362.2,362.43 1 0
github.com/matt/gotmuxcc/gotmuxcc/window.go:366.42,368.2 1 0
github.com/matt/gotmuxcc/gotmuxcc/window.go:371.38,376.16 2 0
github.com/matt/gotmuxcc/gotmuxcc/window.go:376.16,378.3 1 0
github.com/matt/gotmuxcc/gotmuxcc/window.go:379.2,379.12 1 0
github.com/matt/gotmuxcc/gotmuxcc/window.go:383.42,388.16 2 0
github.com/matt/gotmuxcc/gotmuxcc/window.go:388.16,390.3 1 0
github.com/matt/gotmuxcc/gotmuxcc/window.go:391.2,391.12 1 0
github.com/matt/gotmuxcc/gotmuxcc/window.go:395.53,397.2 1 0
github.com/matt/gotmuxcc/gotmuxcc/window.go:399.54,401.2 1 0
github.com/matt/gotmuxcc/gotmuxcc/window.go:403.47,405.2 1 0
github.com/matt/gotmuxcc/gotmuxcc/window.go:407.49,409.2 1 0
github.com/matt/gotmuxcc/internal/testutil/tempdir.go:20.36,21.21 1 0
github.com/matt/gotmuxcc/internal/testutil/tempdir.go:21.21,23.10 2 0
github.com/matt/gotmuxcc/internal/testutil/tempdir.go:23.10,26.4 2 0
github.com/matt/gotmuxcc/internal/testutil/tempdir.go:27.3,29.86 3 0
github.com/matt/gotmuxcc/internal/testutil/tempdir.go:29.86,30.18 1 0
github.com/matt/gotmuxcc/internal/testutil/tempdir.go:30.18,33.5 2 0
github.com/matt/gotmuxcc/internal/testutil/tempdir.go:34.4,35.10 2 0
github.com/matt/gotmuxcc/internal/testutil/tempdir.go:37.3,37.17 1 0
github.com/matt/gotmuxcc/internal/testutil/tempdir.go:39.2,39.25 1 0
github.com/matt/gotmuxcc/internal/testutil/tempdir.go:44.35,48.16 3 0
github.com/matt/gotmuxcc/internal/testutil/tempdir.go:48.16,50.3 1 0
github.com/matt/gotmuxcc/internal/testutil/tempdir.go:52.2,53.49 2 0
github.com/matt/gotmuxcc/internal/testutil/tempdir.go:53.49,55.3 1 0
github.com/matt/gotmuxcc/internal/testutil/tempdir.go:57.2,58.16 2 0
github.com/matt/gotmuxcc/internal/testutil/tempdir.go:58.16,60.3 1 0
github.com/matt/gotmuxcc/internal/testutil/tempdir.go:61.2,63.19 2 0
github.com/matt/gotmuxcc/internal/testutil/tempdir.go:63.19,66.3 2 0
github.com/matt/gotmuxcc/internal/testutil/tempdir.go:68.2,68.12 1 0
github.com/matt/gotmuxcc/internal/trace/trace.go:27.39,29.15 2 0
github.com/matt/gotmuxcc/internal/trace/trace.go:29.15,31.3 1 0
github.com/matt/gotmuxcc/internal/trace/trace.go:33.2,34.13 2 0
github.com/matt/gotmuxcc/internal/trace/trace.go:35.33,36.15 1 0
github.com/matt/gotmuxcc/internal/trace/trace.go:37.44,38.14 1 0
github.com/matt/gotmuxcc/internal/trace/trace.go:41.2,42.21 2 0
github.com/matt/gotmuxcc/internal/trace/trace.go:42.21,44.3 1 0
github.com/matt/gotmuxcc/internal/trace/trace.go:46.2,47.29 2 0
github.com/matt/gotmuxcc/internal/trace/trace.go:47.29,48.43 1 0
github.com/matt/gotmuxcc/internal/trace/trace.go:48.43,50.4 1 0
github.com/matt/gotmuxcc/internal/trace/trace.go:52.2,52.14 1 0
github.com/matt/gotmuxcc/internal/trace/trace.go:55.21,57.2 1 0
github.com/matt/gotmuxcc/internal/trace/trace.go:59.60,60.27 1 0
github.com/matt/gotmuxcc/internal/trace/trace.go:60.27,62.3 1 0
github.com/matt/gotmuxcc/internal/trace/trace.go:64.2,68.21 4 0
github.com/matt/gotmuxcc/internal/trace/trace.go:68.21,70.3 1 0
github.com/matt/gotmuxcc/internal/trace/trace.go:72.2,77.23 5 0
github.com/matt/gotmuxcc/internal/trace/trace.go:77.23,79.3 1 0
github.com/matt/gotmuxcc/internal/trace/trace.go:82.35,85.30 3 0
github.com/matt/gotmuxcc/internal/trace/trace.go:85.30,87.3 1 0
github.com/matt/gotmuxcc/internal/trace/trace.go:88.2,88.14 1 0
github.com/matt/gotmuxcc/internal/trace/trace.go:91.28,92.23 1 0
github.com/matt/gotmuxcc/internal/trace/trace.go:92.23,94.17 2 0
github.com/matt/gotmuxcc/internal/trace/trace.go:94.17,96.4 1 0
github.com/matt/gotmuxcc/internal/trace/trace.go:98.3,99.17 2 0
github.com/matt/gotmuxcc/internal/trace/trace.go:99.17,103.4 3 0
github.com/matt/gotmuxcc/internal/trace/trace.go:105.3,106.17 2 0
github.com/matt/gotmuxcc/internal/trace/trace.go:106.17,110.4 3 0
github.com/matt/gotmuxcc/internal/trace/trace.go:112.3,113.16 2 0
github.com/matt/gotmuxcc/internal/trace/trace.go:115.2,115.15 1 0
github.com/matt/gotmuxcc/internal/trace/trace.go:118.47,119.26 1 0
github.com/matt/gotmuxcc/internal/trace/trace.go:119.26,121.3 1 0
github.com/matt/gotmuxcc/internal/trace/trace.go:123.2,124.16 2 0
github.com/matt/gotmuxcc/internal/trace/trace.go:124.16,126.18 2 0
github.com/matt/gotmuxcc/internal/trace/trace.go:126.18,128.4 1 0
github.com/matt/gotmuxcc/internal/trace/trace.go:129.3,129.47 1 0
github.com/matt/gotmuxcc/internal/trace/trace.go:132.2,132.39 1 0
github.com/matt/gotmuxcc/internal/trace/trace.go:135.36,136.21 1 0
github.com/matt/gotmuxcc/internal/trace/trace.go:136.21,138.10 2 0
github.com/matt/gotmuxcc/internal/trace/trace.go:138.10,141.4 2 0
github.com/matt/gotmuxcc/internal/trace/trace.go:142.3,146.17 5 0
github.com/matt/gotmuxcc/internal/trace/trace.go:146.17,149.4 2 0
github.com/matt/gotmuxcc/internal/trace/trace.go:150.3,150.19 1 0
github.com/matt/gotmuxcc/internal/trace/trace.go:150.19,153.4 2 0
github.com/matt/gotmuxcc/internal/trace/trace.go:154.3,154.17 1 0
github.com/matt/gotmuxcc/internal/trace/trace.go:156.2,156.25 1 0
